0 info it worked if it ends with ok
1 verbose cli [ 'node',
1 verbose cli   '/usr/local/bin/npm',
1 verbose cli   'install',
1 verbose cli   'https://git.coding.net/callinpass/xsync.git' ]
2 info using npm@2.12.1
3 info using node@v0.12.7
4 verbose node symlink /usr/local/bin/node
5 verbose install initial load of /Users/jearbilove/xlearn/150911_socekt/test/package.json
6 verbose readDependencies loading dependencies from /Users/jearbilove/xlearn/150911_socekt/test/package.json
7 silly cache add args [ 'https://git.coding.net/callinpass/xsync.git', null ]
8 verbose cache add spec https://git.coding.net/callinpass/xsync.git
9 silly cache add parsed spec { raw: 'https://git.coding.net/callinpass/xsync.git',
9 silly cache add   scope: null,
9 silly cache add   name: null,
9 silly cache add   rawSpec: 'https://git.coding.net/callinpass/xsync.git',
9 silly cache add   spec: 'https://git.coding.net/callinpass/xsync.git',
9 silly cache add   type: 'remote' }
10 silly mapToRegistry name https://git.coding.net/callinpass/xsync.git
11 silly mapToRegistry using default registry
12 silly mapToRegistry registry https://registry.npmjs.org/
13 silly mapToRegistry uri https://git.coding.net/callinpass/xsync.git
14 verbose addRemoteTarball https://git.coding.net/callinpass/xsync.git not in flight; adding
15 verbose addRemoteTarball [ 'https://git.coding.net/callinpass/xsync.git', null ]
16 info retry fetch attempt 1 at 02:53:03
17 info attempt registry request try #1 at 02:53:03
18 http fetch GET https://git.coding.net/callinpass/xsync.git
19 verbose request using bearer token for auth
20 verbose request id 5234215781329d9c
21 http fetch 200 https://git.coding.net/callinpass/xsync.git
22 silly fetchAndShaCheck shasum 96e8b72c65c82012b5749dbfab16d10cdbfbc18a
23 verbose addTmpTarball /var/folders/39/ktklhhc97yb3dqr9_rbc_3q80000gn/T/npm-1602-a831f6d9/git.coding.net/callinpass/xsync.git not in flight; adding
24 verbose addTmpTarball validating metadata from /var/folders/39/ktklhhc97yb3dqr9_rbc_3q80000gn/T/npm-1602-a831f6d9/git.coding.net/callinpass/xsync.git
25 verbose tar unpack /var/folders/39/ktklhhc97yb3dqr9_rbc_3q80000gn/T/npm-1602-a831f6d9/git.coding.net/callinpass/xsync.git
26 verbose tar unpacking to /var/folders/39/ktklhhc97yb3dqr9_rbc_3q80000gn/T/npm-1602-a831f6d9/unpack-a733cfbb7c40
27 silly gentlyRm /var/folders/39/ktklhhc97yb3dqr9_rbc_3q80000gn/T/npm-1602-a831f6d9/unpack-a733cfbb7c40 is being purged
28 verbose gentlyRm don't care about contents; nuking /var/folders/39/ktklhhc97yb3dqr9_rbc_3q80000gn/T/npm-1602-a831f6d9/unpack-a733cfbb7c40
29 silly gunzTarPerm modes [ '755', '644' ]
30 error not a package /var/folders/39/ktklhhc97yb3dqr9_rbc_3q80000gn/T/npm-1602-a831f6d9/git.coding.net/callinpass/xsync.git
31 verbose stack Error: ENOENT, open '/var/folders/39/ktklhhc97yb3dqr9_rbc_3q80000gn/T/npm-1602-a831f6d9/unpack-a733cfbb7c40/package.json'
31 verbose stack     at Error (native)
32 verbose cwd /Users/jearbilove/xlearn/150911_socekt/test
33 error Darwin 14.4.0
34 error argv "node" "/usr/local/bin/npm" "install" "https://git.coding.net/callinpass/xsync.git"
35 error node v0.12.7
36 error npm  v2.12.1
37 error path /var/folders/39/ktklhhc97yb3dqr9_rbc_3q80000gn/T/npm-1602-a831f6d9/unpack-a733cfbb7c40/package.json
38 error code ENOENT
39 error errno -2
40 error enoent ENOENT, open '/var/folders/39/ktklhhc97yb3dqr9_rbc_3q80000gn/T/npm-1602-a831f6d9/unpack-a733cfbb7c40/package.json'
40 error enoent This is most likely not a problem with npm itself
40 error enoent and is related to npm not being able to find a file.
41 verbose exit [ -2, true ]
